/usr/lib/python3/dist-packages/setuptools/command/easy_install.py:158: EasyInstallDeprecationWarning: easy_install command is deprecated. Use build and pip and other standards-based tools.
  warnings.warn(
running develop
running egg_info
creating metafly_description.egg-info
writing metafly_description.egg-info/PKG-INFO
writing dependency_links to metafly_description.egg-info/dependency_links.txt
writing entry points to metafly_description.egg-info/entry_points.txt
writing requirements to metafly_description.egg-info/requires.txt
writing top-level names to metafly_description.egg-info/top_level.txt
writing manifest file 'metafly_description.egg-info/SOURCES.txt'
reading manifest file 'metafly_description.egg-info/SOURCES.txt'
writing manifest file 'metafly_description.egg-info/SOURCES.txt'
running build_ext
Creating /home/Gery/ece569-fall2025/Lab3/ws3/install/metafly_description/lib/python3.10/site-packages/metafly-description.egg-link (link to .)
Installing metafly_tf_pub script to /home/Gery/ece569-fall2025/Lab3/ws3/install/metafly_description/lib/metafly_description

Installed /home/Gery/ece569-fall2025/Lab3/ws3/build/metafly_description
running symlink_data
symbolically linking /home/Gery/ece569-fall2025/Lab3/ws3/build/metafly_description/package.xml -> /home/Gery/ece569-fall2025/Lab3/ws3/install/metafly_description/share/metafly_description
creating /home/Gery/ece569-fall2025/Lab3/ws3/install/metafly_description/share/metafly_description/config
creating /home/Gery/ece569-fall2025/Lab3/ws3/install/metafly_description/share/metafly_description/launch
symbolically linking /home/Gery/ece569-fall2025/Lab3/ws3/build/metafly_description/launch/metafly.launch.py -> /home/Gery/ece569-fall2025/Lab3/ws3/install/metafly_description/share/metafly_description/launch
creating /home/Gery/ece569-fall2025/Lab3/ws3/install/metafly_description/share/metafly_description/rviz
creating /home/Gery/ece569-fall2025/Lab3/ws3/install/metafly_description/share/metafly_description/urdf
symbolically linking /home/Gery/ece569-fall2025/Lab3/ws3/build/metafly_description/urdf/materials.xacro -> /home/Gery/ece569-fall2025/Lab3/ws3/install/metafly_description/share/metafly_description/urdf
symbolically linking /home/Gery/ece569-fall2025/Lab3/ws3/build/metafly_description/urdf/metafly.urdf.xacro -> /home/Gery/ece569-fall2025/Lab3/ws3/install/metafly_description/share/metafly_description/urdf
symbolically linking /home/Gery/ece569-fall2025/Lab3/ws3/build/metafly_description/urdf/metafly_macro.xacro -> /home/Gery/ece569-fall2025/Lab3/ws3/install/metafly_description/share/metafly_description/urdf
creating /home/Gery/ece569-fall2025/Lab3/ws3/install/metafly_description/share/metafly_description/resource
symbolically linking /home/Gery/ece569-fall2025/Lab3/ws3/build/metafly_description/resource/metafly_description -> /home/Gery/ece569-fall2025/Lab3/ws3/install/metafly_description/share/metafly_description/resource
symbolically linking /home/Gery/ece569-fall2025/Lab3/ws3/build/metafly_description/resource/mocap_data.csv -> /home/Gery/ece569-fall2025/Lab3/ws3/install/metafly_description/share/metafly_description/resource
