[0.695s] Invoking command in '/home/me597/ece569-fall2025/Lab3/ws3/build/metafly_description': PYTHONPATH=/home/me597/ece569-fall2025/Lab3/ws3/build/metafly_description/prefix_override:/usr/lib/python3/dist-packages/colcon_core/task/python/colcon_distutils_commands:/home/me597/ece569-fall2025/Lab3/ws3/install/metafly_description/lib/python3.10/site-packages:${PYTHONPATH} /usr/bin/python3 -W ignore:setup.py install is deprecated setup.py develop --editable --build-directory /home/me597/ece569-fall2025/Lab3/ws3/build/metafly_description/build --no-deps symlink_data
[0.992s] running develop
[0.992s] /usr/lib/python3/dist-packages/setuptools/command/easy_install.py:158: EasyInstallDeprecationWarning: easy_install command is deprecated. Use build and pip and other standards-based tools.
[0.992s]   warnings.warn(
[1.176s] running egg_info
[1.176s] creating metafly_description.egg-info
[1.178s] writing metafly_description.egg-info/PKG-INFO
[1.178s] writing dependency_links to metafly_description.egg-info/dependency_links.txt
[1.178s] writing entry points to metafly_description.egg-info/entry_points.txt
[1.178s] writing requirements to metafly_description.egg-info/requires.txt
[1.178s] writing top-level names to metafly_description.egg-info/top_level.txt
[1.178s] writing manifest file 'metafly_description.egg-info/SOURCES.txt'
[1.180s] reading manifest file 'metafly_description.egg-info/SOURCES.txt'
[1.180s] writing manifest file 'metafly_description.egg-info/SOURCES.txt'
[1.181s] running build_ext
[1.181s] Creating /home/me597/ece569-fall2025/Lab3/ws3/install/metafly_description/lib/python3.10/site-packages/metafly-description.egg-link (link to .)
[1.182s] 
[1.182s] Installed /home/me597/ece569-fall2025/Lab3/ws3/build/metafly_description
[1.182s] running symlink_data
[1.183s] creating /home/me597/ece569-fall2025/Lab3/ws3/install/metafly_description/share/ament_index
[1.183s] creating /home/me597/ece569-fall2025/Lab3/ws3/install/metafly_description/share/ament_index/resource_index
[1.183s] creating /home/me597/ece569-fall2025/Lab3/ws3/install/metafly_description/share/ament_index/resource_index/packages
[1.184s] symbolically linking /home/me597/ece569-fall2025/Lab3/ws3/build/metafly_description/resource/metafly_description -> /home/me597/ece569-fall2025/Lab3/ws3/install/metafly_description/share/ament_index/resource_index/packages
[1.184s] symbolically linking /home/me597/ece569-fall2025/Lab3/ws3/build/metafly_description/package.xml -> /home/me597/ece569-fall2025/Lab3/ws3/install/metafly_description/share/metafly_description
[1.209s] Invoked command in '/home/me597/ece569-fall2025/Lab3/ws3/build/metafly_description' returned '0': PYTHONPATH=/home/me597/ece569-fall2025/Lab3/ws3/build/metafly_description/prefix_override:/usr/lib/python3/dist-packages/colcon_core/task/python/colcon_distutils_commands:/home/me597/ece569-fall2025/Lab3/ws3/install/metafly_description/lib/python3.10/site-packages:${PYTHONPATH} /usr/bin/python3 -W ignore:setup.py install is deprecated setup.py develop --editable --build-directory /home/me597/ece569-fall2025/Lab3/ws3/build/metafly_description/build --no-deps symlink_data
