[0.138s] DEBUG:colcon:Command line arguments: ['/usr/bin/colcon', 'build', '--symlink-install']
[0.138s] DEBUG:colcon:Parsed command line arguments: Namespace(log_base=None, log_level=None, verb_name='build', build_base='build', install_base='install', merge_install=False, symlink_install=True, test_result_base=None, continue_on_error=False, executor='parallel', parallel_workers=4, event_handlers=None, ignore_user_meta=False, metas=['./colcon.meta'], base_paths=['.'], packages_ignore=None, packages_ignore_regex=None, paths=None, packages_up_to=None, packages_up_to_regex=None, packages_above=None, packages_above_and_dependencies=None, packages_above_depth=None, packages_select_by_dep=None, packages_skip_by_dep=None, packages_skip_up_to=None, packages_select_build_failed=False, packages_skip_build_finished=False, packages_select_test_failures=False, packages_skip_test_passed=False, packages_select=None, packages_skip=None, packages_select_regex=None, packages_skip_regex=None, packages_start=None, packages_end=None, allow_overriding=[], cmake_args=None, cmake_target=None, cmake_target_skip_unavailable=False, cmake_clean_cache=False, cmake_clean_first=False, cmake_force_configure=False, ament_cmake_args=None, catkin_cmake_args=None, catkin_skip_building_tests=False, mixin_files=None, mixin=None, verb_parser=<colcon_mixin.mixin.mixin_argument.MixinArgumentDecorator object at 0x7c82f1559420>, verb_extension=<colcon_core.verb.build.BuildVerb object at 0x7c82f1666140>, main=<bound method BuildVerb.main of <colcon_core.verb.build.BuildVerb object at 0x7c82f1666140>>, mixin_verb=('build',))
[0.318s] Level 1:colcon.colcon_core.package_discovery:discover_packages(colcon_meta) check parameters
[0.318s] Level 1:colcon.colcon_core.package_discovery:discover_packages(recursive) check parameters
[0.318s] Level 1:colcon.colcon_core.package_discovery:discover_packages(ignore) check parameters
[0.318s] Level 1:colcon.colcon_core.package_discovery:discover_packages(path) check parameters
[0.318s] Level 1:colcon.colcon_core.package_discovery:discover_packages(colcon_meta) discover
[0.318s] Level 1:colcon.colcon_core.package_discovery:discover_packages(recursive) discover
[0.318s] INFO:colcon.colcon_core.package_discovery:Crawling recursively for packages in '/home/me597/ece569-fall2025/Lab3/ws3'
[0.319s] Level 1:colcon.colcon_core.package_identification:_identify(.) by extensions ['ignore', 'ignore_ament_install']
[0.319s] Level 1:colcon.colcon_core.package_identification:_identify(.) by extension 'ignore'
[0.319s] Level 1:colcon.colcon_core.package_identification:_identify(.) by extension 'ignore_ament_install'
[0.319s] Level 1:colcon.colcon_core.package_identification:_identify(.) by extensions ['colcon_pkg']
[0.319s] Level 1:colcon.colcon_core.package_identification:_identify(.) by extension 'colcon_pkg'
[0.319s] Level 1:colcon.colcon_core.package_identification:_identify(.) by extensions ['colcon_meta']
[0.319s] Level 1:colcon.colcon_core.package_identification:_identify(.) by extension 'colcon_meta'
[0.319s] Level 1:colcon.colcon_core.package_identification:_identify(.) by extensions ['ros']
[0.319s] Level 1:colcon.colcon_core.package_identification:_identify(.) by extension 'ros'
[0.330s] Level 1:colcon.colcon_core.package_identification:_identify(.) by extensions ['cmake', 'python']
[0.330s] Level 1:colcon.colcon_core.package_identification:_identify(.) by extension 'cmake'
[0.330s] Level 1:colcon.colcon_core.package_identification:_identify(.) by extension 'python'
[0.330s] Level 1:colcon.colcon_core.package_identification:_identify(.) by extensions ['python_setup_py']
[0.330s] Level 1:colcon.colcon_core.package_identification:_identify(.) by extension 'python_setup_py'
[0.330s] Level 1:colcon.colcon_core.package_identification:_identify(build) by extensions ['ignore', 'ignore_ament_install']
[0.330s] Level 1:colcon.colcon_core.package_identification:_identify(build) by extension 'ignore'
[0.330s] Level 1:colcon.colcon_core.package_identification:_identify(build) ignored
[0.331s] Level 1:colcon.colcon_core.package_identification:_identify(install) by extensions ['ignore', 'ignore_ament_install']
[0.331s] Level 1:colcon.colcon_core.package_identification:_identify(install) by extension 'ignore'
[0.331s] Level 1:colcon.colcon_core.package_identification:_identify(install) ignored
[0.331s] Level 1:colcon.colcon_core.package_identification:_identify(log) by extensions ['ignore', 'ignore_ament_install']
[0.331s] Level 1:colcon.colcon_core.package_identification:_identify(log) by extension 'ignore'
[0.331s] Level 1:colcon.colcon_core.package_identification:_identify(log) ignored
[0.331s] Level 1:colcon.colcon_core.package_identification:_identify(src) by extensions ['ignore', 'ignore_ament_install']
[0.331s] Level 1:colcon.colcon_core.package_identification:_identify(src) by extension 'ignore'
[0.331s] Level 1:colcon.colcon_core.package_identification:_identify(src) by extension 'ignore_ament_install'
[0.331s] Level 1:colcon.colcon_core.package_identification:_identify(src) by extensions ['colcon_pkg']
[0.331s] Level 1:colcon.colcon_core.package_identification:_identify(src) by extension 'colcon_pkg'
[0.331s] Level 1:colcon.colcon_core.package_identification:_identify(src) by extensions ['colcon_meta']
[0.331s] Level 1:colcon.colcon_core.package_identification:_identify(src) by extension 'colcon_meta'
[0.331s] Level 1:colcon.colcon_core.package_identification:_identify(src) by extensions ['ros']
[0.332s] Level 1:colcon.colcon_core.package_identification:_identify(src) by extension 'ros'
[0.332s] Level 1:colcon.colcon_core.package_identification:_identify(src) by extensions ['cmake', 'python']
[0.332s] Level 1:colcon.colcon_core.package_identification:_identify(src) by extension 'cmake'
[0.332s] Level 1:colcon.colcon_core.package_identification:_identify(src) by extension 'python'
[0.332s] Level 1:colcon.colcon_core.package_identification:_identify(src) by extensions ['python_setup_py']
[0.332s] Level 1:colcon.colcon_core.package_identification:_identify(src) by extension 'python_setup_py'
[0.332s] Level 1:colcon.colcon_core.package_identification:_identify(src/metafly_description) by extensions ['ignore', 'ignore_ament_install']
[0.332s] Level 1:colcon.colcon_core.package_identification:_identify(src/metafly_description) by extension 'ignore'
[0.332s] Level 1:colcon.colcon_core.package_identification:_identify(src/metafly_description) by extension 'ignore_ament_install'
[0.332s] Level 1:colcon.colcon_core.package_identification:_identify(src/metafly_description) by extensions ['colcon_pkg']
[0.332s] Level 1:colcon.colcon_core.package_identification:_identify(src/metafly_description) by extension 'colcon_pkg'
[0.332s] Level 1:colcon.colcon_core.package_identification:_identify(src/metafly_description) by extensions ['colcon_meta']
[0.332s] Level 1:colcon.colcon_core.package_identification:_identify(src/metafly_description) by extension 'colcon_meta'
[0.332s] Level 1:colcon.colcon_core.package_identification:_identify(src/metafly_description) by extensions ['ros']
[0.332s] Level 1:colcon.colcon_core.package_identification:_identify(src/metafly_description) by extension 'ros'
[0.335s] DEBUG:colcon.colcon_core.package_identification:Package 'src/metafly_description' with type 'ros.ament_python' and name 'metafly_description'
[0.335s] Level 1:colcon.colcon_core.package_discovery:discover_packages(recursive) using defaults
[0.335s] Level 1:colcon.colcon_core.package_discovery:discover_packages(ignore) discover
[0.335s] Level 1:colcon.colcon_core.package_discovery:discover_packages(ignore) using defaults
[0.335s] Level 1:colcon.colcon_core.package_discovery:discover_packages(path) discover
[0.335s] Level 1:colcon.colcon_core.package_discovery:discover_packages(path) using defaults
[0.354s] Level 1:colcon.colcon_core.package_discovery:discover_packages(prefix_path) check parameters
[0.354s] Level 1:colcon.colcon_core.package_discovery:discover_packages(prefix_path) discover
[0.355s] DEBUG:colcon.colcon_installed_package_information.package_discovery:Found 1 installed packages in /home/me597/ece569-fall2025/Lab3/ws3/install
[0.357s] DEBUG:colcon.colcon_installed_package_information.package_discovery:Found 334 installed packages in /opt/ros/humble
[0.368s] Level 1:colcon.colcon_core.package_discovery:discover_packages(prefix_path) using defaults
[0.419s] Level 5:colcon.colcon_core.verb:set package 'metafly_description' build argument 'cmake_args' from command line to 'None'
[0.419s] Level 5:colcon.colcon_core.verb:set package 'metafly_description' build argument 'cmake_target' from command line to 'None'
[0.419s] Level 5:colcon.colcon_core.verb:set package 'metafly_description' build argument 'cmake_target_skip_unavailable' from command line to 'False'
[0.419s] Level 5:colcon.colcon_core.verb:set package 'metafly_description' build argument 'cmake_clean_cache' from command line to 'False'
[0.419s] Level 5:colcon.colcon_core.verb:set package 'metafly_description' build argument 'cmake_clean_first' from command line to 'False'
[0.419s] Level 5:colcon.colcon_core.verb:set package 'metafly_description' build argument 'cmake_force_configure' from command line to 'False'
[0.419s] Level 5:colcon.colcon_core.verb:set package 'metafly_description' build argument 'ament_cmake_args' from command line to 'None'
[0.419s] Level 5:colcon.colcon_core.verb:set package 'metafly_description' build argument 'catkin_cmake_args' from command line to 'None'
[0.419s] Level 5:colcon.colcon_core.verb:set package 'metafly_description' build argument 'catkin_skip_building_tests' from command line to 'False'
[0.419s] DEBUG:colcon.colcon_core.verb:Building package 'metafly_description' with the following arguments: {'ament_cmake_args': None, 'build_base': '/home/me597/ece569-fall2025/Lab3/ws3/build/metafly_description', 'catkin_cmake_args': None, 'catkin_skip_building_tests': False, 'cmake_args': None, 'cmake_clean_cache': False, 'cmake_clean_first': False, 'cmake_force_configure': False, 'cmake_target': None, 'cmake_target_skip_unavailable': False, 'install_base': '/home/me597/ece569-fall2025/Lab3/ws3/install/metafly_description', 'merge_install': False, 'path': '/home/me597/ece569-fall2025/Lab3/ws3/src/metafly_description', 'symlink_install': True, 'test_result_base': None}
[0.419s] INFO:colcon.colcon_core.executor:Executing jobs using 'parallel' executor
[0.421s] DEBUG:colcon.colcon_parallel_executor.executor.parallel:run_until_complete
[0.421s] INFO:colcon.colcon_ros.task.ament_python.build:Building ROS package in '/home/me597/ece569-fall2025/Lab3/ws3/src/metafly_description' with build type 'ament_python'
[0.421s] Level 1:colcon.colcon_core.shell:create_environment_hook('metafly_description', 'ament_prefix_path')
[0.423s] INFO:colcon.colcon_core.plugin_system:Skipping extension 'colcon_core.shell.bat': Not used on non-Windows systems
[0.424s] INFO:colcon.colcon_core.shell:Creating environment hook '/home/me597/ece569-fall2025/Lab3/ws3/install/metafly_description/share/metafly_description/hook/ament_prefix_path.ps1'
[0.424s] INFO:colcon.colcon_core.shell:Creating environment descriptor '/home/me597/ece569-fall2025/Lab3/ws3/install/metafly_description/share/metafly_description/hook/ament_prefix_path.dsv'
[0.425s] INFO:colcon.colcon_core.shell:Creating environment hook '/home/me597/ece569-fall2025/Lab3/ws3/install/metafly_description/share/metafly_description/hook/ament_prefix_path.sh'
[0.426s] INFO:colcon.colcon_core.shell:Skip shell extension 'powershell' for command environment: Not usable outside of PowerShell
[0.426s] DEBUG:colcon.colcon_core.shell:Skip shell extension 'dsv' for command environment
[0.762s] WARNING:colcon.colcon_ros.task.ament_python.build:Package 'metafly_description' doesn't explicitly install a marker in the package index (colcon-ros currently does it implicitly but that fallback will be removed in the future)
[0.762s] INFO:colcon.colcon_core.task.python.build:Building Python package in '/home/me597/ece569-fall2025/Lab3/ws3/src/metafly_description'
[0.763s] INFO:colcon.colcon_core.shell:Skip shell extension 'powershell' for command environment: Not usable outside of PowerShell
[0.763s] DEBUG:colcon.colcon_core.shell:Skip shell extension 'dsv' for command environment
[1.207s] DEBUG:colcon.colcon_core.event_handler.log_command:Invoking command in '/home/me597/ece569-fall2025/Lab3/ws3/build/metafly_description': PYTHONPATH=/home/me597/ece569-fall2025/Lab3/ws3/build/metafly_description/prefix_override:/usr/lib/python3/dist-packages/colcon_core/task/python/colcon_distutils_commands:/home/me597/ece569-fall2025/Lab3/ws3/install/metafly_description/lib/python3.10/site-packages:${PYTHONPATH} /usr/bin/python3 -W ignore:setup.py install is deprecated setup.py develop --editable --build-directory /home/me597/ece569-fall2025/Lab3/ws3/build/metafly_description/build --no-deps symlink_data
[1.863s] Level 1:colcon.colcon_core.shell:create_environment_hook('metafly_description', 'pythonpath_develop')
[1.864s] INFO:colcon.colcon_core.shell:Creating environment hook '/home/me597/ece569-fall2025/Lab3/ws3/build/metafly_description/share/metafly_description/hook/pythonpath_develop.ps1'
[1.865s] DEBUG:colcon.colcon_core.event_handler.log_command:Invoked command in '/home/me597/ece569-fall2025/Lab3/ws3/build/metafly_description' returned '0': PYTHONPATH=/home/me597/ece569-fall2025/Lab3/ws3/build/metafly_description/prefix_override:/usr/lib/python3/dist-packages/colcon_core/task/python/colcon_distutils_commands:/home/me597/ece569-fall2025/Lab3/ws3/install/metafly_description/lib/python3.10/site-packages:${PYTHONPATH} /usr/bin/python3 -W ignore:setup.py install is deprecated setup.py develop --editable --build-directory /home/me597/ece569-fall2025/Lab3/ws3/build/metafly_description/build --no-deps symlink_data
[1.866s] INFO:colcon.colcon_core.shell:Creating environment descriptor '/home/me597/ece569-fall2025/Lab3/ws3/build/metafly_description/share/metafly_description/hook/pythonpath_develop.dsv'
[1.867s] INFO:colcon.colcon_core.shell:Creating environment hook '/home/me597/ece569-fall2025/Lab3/ws3/build/metafly_description/share/metafly_description/hook/pythonpath_develop.sh'
[1.875s] Level 1:colcon.colcon_core.environment:checking '/home/me597/ece569-fall2025/Lab3/ws3/install/metafly_description' for CMake module files
[1.876s] Level 1:colcon.colcon_core.environment:checking '/home/me597/ece569-fall2025/Lab3/ws3/install/metafly_description' for CMake config files
[1.877s] Level 1:colcon.colcon_core.environment:checking '/home/me597/ece569-fall2025/Lab3/ws3/install/metafly_description/lib'
[1.879s] Level 1:colcon.colcon_core.environment:checking '/home/me597/ece569-fall2025/Lab3/ws3/install/metafly_description/bin'
[1.879s] Level 1:colcon.colcon_core.environment:checking '/home/me597/ece569-fall2025/Lab3/ws3/install/metafly_description/lib/pkgconfig/metafly_description.pc'
[1.880s] Level 1:colcon.colcon_core.environment:checking '/home/me597/ece569-fall2025/Lab3/ws3/install/metafly_description/lib/python3.10/site-packages'
[1.880s] Level 1:colcon.colcon_core.shell:create_environment_hook('metafly_description', 'pythonpath')
[1.880s] INFO:colcon.colcon_core.shell:Creating environment hook '/home/me597/ece569-fall2025/Lab3/ws3/install/metafly_description/share/metafly_description/hook/pythonpath.ps1'
[1.881s] INFO:colcon.colcon_core.shell:Creating environment descriptor '/home/me597/ece569-fall2025/Lab3/ws3/install/metafly_description/share/metafly_description/hook/pythonpath.dsv'
[1.882s] INFO:colcon.colcon_core.shell:Creating environment hook '/home/me597/ece569-fall2025/Lab3/ws3/install/metafly_description/share/metafly_description/hook/pythonpath.sh'
[1.884s] Level 1:colcon.colcon_core.environment:checking '/home/me597/ece569-fall2025/Lab3/ws3/install/metafly_description/bin'
[1.884s] Level 1:colcon.colcon_core.environment:create_environment_scripts_only(metafly_description)
[1.884s] INFO:colcon.colcon_core.shell:Creating package script '/home/me597/ece569-fall2025/Lab3/ws3/install/metafly_description/share/metafly_description/package.ps1'
[1.885s] INFO:colcon.colcon_core.shell:Creating package descriptor '/home/me597/ece569-fall2025/Lab3/ws3/install/metafly_description/share/metafly_description/package.dsv'
[1.886s] INFO:colcon.colcon_core.shell:Creating package script '/home/me597/ece569-fall2025/Lab3/ws3/install/metafly_description/share/metafly_description/package.sh'
[1.888s] INFO:colcon.colcon_core.shell:Creating package script '/home/me597/ece569-fall2025/Lab3/ws3/install/metafly_description/share/metafly_description/package.bash'
[1.889s] INFO:colcon.colcon_core.shell:Creating package script '/home/me597/ece569-fall2025/Lab3/ws3/install/metafly_description/share/metafly_description/package.zsh'
[1.890s] Level 1:colcon.colcon_core.environment:create_file_with_runtime_dependencies(/home/me597/ece569-fall2025/Lab3/ws3/install/metafly_description/share/colcon-core/packages/metafly_description)
[1.891s] DEBUG:colcon.colcon_parallel_executor.executor.parallel:closing loop
[1.892s] DEBUG:colcon.colcon_parallel_executor.executor.parallel:loop closed
[1.892s] DEBUG:colcon.colcon_parallel_executor.executor.parallel:run_until_complete finished with '0'
[1.892s] DEBUG:colcon.colcon_core.event_reactor:joining thread
[1.902s] INFO:colcon.colcon_core.plugin_system:Skipping extension 'colcon_notification.desktop_notification.terminal_notifier': Not used on non-Darwin systems
[1.902s] INFO:colcon.colcon_core.plugin_system:Skipping extension 'colcon_notification.desktop_notification.win32': Not used on non-Windows systems
[1.902s] INFO:colcon.colcon_notification.desktop_notification:Sending desktop notification using 'notify2'
[1.920s] DEBUG:colcon.colcon_core.event_reactor:joined thread
[1.920s] INFO:colcon.colcon_core.shell:Creating prefix script '/home/me597/ece569-fall2025/Lab3/ws3/install/local_setup.ps1'
[1.922s] INFO:colcon.colcon_core.shell:Creating prefix util module '/home/me597/ece569-fall2025/Lab3/ws3/install/_local_setup_util_ps1.py'
[1.924s] INFO:colcon.colcon_core.shell:Creating prefix chain script '/home/me597/ece569-fall2025/Lab3/ws3/install/setup.ps1'
[1.925s] INFO:colcon.colcon_core.shell:Creating prefix script '/home/me597/ece569-fall2025/Lab3/ws3/install/local_setup.sh'
[1.926s] INFO:colcon.colcon_core.shell:Creating prefix util module '/home/me597/ece569-fall2025/Lab3/ws3/install/_local_setup_util_sh.py'
[1.928s] INFO:colcon.colcon_core.shell:Creating prefix chain script '/home/me597/ece569-fall2025/Lab3/ws3/install/setup.sh'
[1.930s] INFO:colcon.colcon_core.shell:Creating prefix script '/home/me597/ece569-fall2025/Lab3/ws3/install/local_setup.bash'
[1.931s] INFO:colcon.colcon_core.shell:Creating prefix chain script '/home/me597/ece569-fall2025/Lab3/ws3/install/setup.bash'
[1.932s] INFO:colcon.colcon_core.shell:Creating prefix script '/home/me597/ece569-fall2025/Lab3/ws3/install/local_setup.zsh'
[1.933s] INFO:colcon.colcon_core.shell:Creating prefix chain script '/home/me597/ece569-fall2025/Lab3/ws3/install/setup.zsh'
