running develop
running egg_info
creating metafly_tf_pub.egg-info
writing metafly_tf_pub.egg-info/PKG-INFO
writing dependency_links to metafly_tf_pub.egg-info/dependency_links.txt
writing entry points to metafly_tf_pub.egg-info/entry_points.txt
writing requirements to metafly_tf_pub.egg-info/requires.txt
writing top-level names to metafly_tf_pub.egg-info/top_level.txt
writing manifest file 'metafly_tf_pub.egg-info/SOURCES.txt'
reading manifest file 'metafly_tf_pub.egg-info/SOURCES.txt'
writing manifest file 'metafly_tf_pub.egg-info/SOURCES.txt'
running build_ext
Creating /home/me597/ece569-fall2025/Lab3/ws3/install/metafly_tf_pub/lib/python3.10/site-packages/metafly-tf-pub.egg-link (link to .)
Installing metafly_tf_pub script to /home/me597/ece569-fall2025/Lab3/ws3/install/metafly_tf_pub/bin

Installed /home/me597/ece569-fall2025/Lab3/ws3/build/metafly_tf_pub
running symlink_data
creating /home/me597/ece569-fall2025/Lab3/ws3/install/metafly_tf_pub/share
creating /home/me597/ece569-fall2025/Lab3/ws3/install/metafly_tf_pub/share/ament_index
creating /home/me597/ece569-fall2025/Lab3/ws3/install/metafly_tf_pub/share/ament_index/resource_index
creating /home/me597/ece569-fall2025/Lab3/ws3/install/metafly_tf_pub/share/ament_index/resource_index/packages
