[0.785s] Invoking command in '/home/me597/ece569-fall2025/Lab3/ws3/build/metafly_description': PYTHONPATH=/home/me597/ece569-fall2025/Lab3/ws3/build/metafly_description/prefix_override:/usr/lib/python3/dist-packages/colcon_core/task/python/colcon_distutils_commands:/home/me597/ece569-fall2025/Lab3/ws3/install/metafly_description/lib/python3.10/site-packages:${PYTHONPATH} /usr/bin/python3 -W ignore:setup.py install is deprecated setup.py develop --editable --build-directory /home/me597/ece569-fall2025/Lab3/ws3/build/metafly_description/build --no-deps symlink_data
[1.161s] running develop
[1.161s] /usr/lib/python3/dist-packages/setuptools/command/easy_install.py:158: EasyInstallDeprecationWarning: easy_install command is deprecated. Use build and pip and other standards-based tools.
[1.161s]   warnings.warn(
[1.394s] running egg_info
[1.396s] writing metafly_description.egg-info/PKG-INFO
[1.396s] writing dependency_links to metafly_description.egg-info/dependency_links.txt
[1.396s] writing entry points to metafly_description.egg-info/entry_points.txt
[1.396s] writing requirements to metafly_description.egg-info/requires.txt
[1.396s] writing top-level names to metafly_description.egg-info/top_level.txt
[1.398s] reading manifest file 'metafly_description.egg-info/SOURCES.txt'
[1.399s] writing manifest file 'metafly_description.egg-info/SOURCES.txt'
[1.401s] running build_ext
[1.401s] Creating /home/me597/ece569-fall2025/Lab3/ws3/install/metafly_description/lib/python3.10/site-packages/metafly-description.egg-link (link to .)
[1.405s] Installing metafly_tf_pub script to /home/me597/ece569-fall2025/Lab3/ws3/install/metafly_description/lib/metafly_description
[1.405s] 
[1.405s] Installed /home/me597/ece569-fall2025/Lab3/ws3/build/metafly_description
[1.405s] running symlink_data
[1.405s] creating /home/me597/ece569-fall2025/Lab3/ws3/install/metafly_description/share/metafly_description/resource
[1.405s] symbolically linking /home/me597/ece569-fall2025/Lab3/ws3/build/metafly_description/resource/metafly_description -> /home/me597/ece569-fall2025/Lab3/ws3/install/metafly_description/share/metafly_description/resource
[1.405s] symbolically linking /home/me597/ece569-fall2025/Lab3/ws3/build/metafly_description/resource/mocap_data.csv -> /home/me597/ece569-fall2025/Lab3/ws3/install/metafly_description/share/metafly_description/resource
[1.443s] Invoked command in '/home/me597/ece569-fall2025/Lab3/ws3/build/metafly_description' returned '0': PYTHONPATH=/home/me597/ece569-fall2025/Lab3/ws3/build/metafly_description/prefix_override:/usr/lib/python3/dist-packages/colcon_core/task/python/colcon_distutils_commands:/home/me597/ece569-fall2025/Lab3/ws3/install/metafly_description/lib/python3.10/site-packages:${PYTHONPATH} /usr/bin/python3 -W ignore:setup.py install is deprecated setup.py develop --editable --build-directory /home/me597/ece569-fall2025/Lab3/ws3/build/metafly_description/build --no-deps symlink_data
